<?xml version="1.0" encoding="UTF-8"?>
<!-- Generated by org.testng.reporters.JUnitReportReporter -->
<testsuite skipped="0" hostname="NewOffice" name="com.techbeamers.testng.SeleniumWebdriverTest" tests="1" failures="0" timestamp="2019-10-20T10:16:59 EDT" time="10.621" errors="0">
  <testcase name="MyFirstTestNGTestCase" time="10.621" classname="com.techbeamers.testng.SeleniumWebdriverTest"/>
</testsuite> <!-- com.techbeamers.testng.SeleniumWebdriverTest -->
